#
# There is insufficient memory for the Java Runtime Environment to continue.
# Native memory allocation (mmap) failed to map 132120576 bytes. Error detail: G1 virtual space
# Possible reasons:
#   The system is out of physical RAM or swap space
#   This process is running with CompressedOops enabled, and the Java Heap may be blocking the growth of the native heap
# Possible solutions:
#   Reduce memory load on the system
#   Increase physical memory or swap space
#   Check if swap backing store is full
#   Decrease Java heap size (-Xmx/-Xms)
#   Decrease number of Java threads
#   Decrease Java thread stack sizes (-Xss)
#   Set larger code cache with -XX:ReservedCodeCacheSize=
#   JVM is running with Unscaled Compressed Oops mode in which the Java heap is
#     placed in the first 4GB address space. The Java Heap base address is the
#     maximum limit for the native heap growth. Please use -XX:HeapBaseMinAddress
#     to set the Java Heap base and to place the Java Heap above 4GB virtual address.
# This output file may be truncated or incomplete.
#
#  Out of Memory Error (os_windows.cpp:3898), pid=10684, tid=5216
#
# JRE version:  (21.0.7) (build )
# Java VM: OpenJDK 64-Bit Server VM (21.0.7+-13880790-b1038.58, mixed mode, sharing, tiered, compressed oops, compressed class ptrs, g1 gc, windows-amd64)
# No core dump will be written. Minidumps are not enabled by default on client versions of Windows
#

---------------  S U M M A R Y ------------

Command Line: org.jetbrains.kotlin.cli.jvm.K2JVMCompiler @D:\AI ENGINEERING\mobile-apps\mobile\app\build\20251128_11470856835758238303.compiler.options

Host: 11th Gen Intel(R) Core(TM) i3-1115G4 @ 3.00GHz, 4 cores, 7G,  Windows 11 , 64 bit Build 26100 (10.0.26100.6725)
Time: Fri Nov 28 16:48:53 2025 SE Asia Standard Time elapsed time: 0.053133 seconds (0d 0h 0m 0s)

---------------  T H R E A D  ---------------

Current thread (0x000001cecbdef7e0):  JavaThread "Unknown thread" [_thread_in_vm, id=5216, stack(0x00000028ed400000,0x00000028ed500000) (1024K)]

Stack: [0x00000028ed400000,0x00000028ed500000]
Native frames: (J=compiled Java code, j=interpreted, Vv=VM code, C=native code)
V  [jvm.dll+0x6d25c9]
V  [jvm.dll+0x860923]
V  [jvm.dll+0x862e7e]
V  [jvm.dll+0x863563]
V  [jvm.dll+0x27f156]
V  [jvm.dll+0x6ceee5]
V  [jvm.dll+0x6c29aa]
V  [jvm.dll+0x355ebb]
V  [jvm.dll+0x35db16]
V  [jvm.dll+0x3afb16]
V  [jvm.dll+0x3afde8]
V  [jvm.dll+0x32855c]
V  [jvm.dll+0x32924b]
V  [jvm.dll+0x828379]
V  [jvm.dll+0x3bcce8]
V  [jvm.dll+0x811628]
V  [jvm.dll+0x45121e]
V  [jvm.dll+0x452981]
C  [jli.dll+0x52ab]
C  [ucrtbase.dll+0x37b0]
C  [KERNEL32.DLL+0x2e8d7]
C  [ntdll.dll+0x8c53c]


---------------  P R O C E S S  ---------------

Threads class SMR info:
_java_thread_list=0x00007ffddba14888, length=0, elements={
}

Java Threads: ( => current thread )
Total: 0

Other Threads:
  0x000001cecbe3e320 WorkerThread "GC Thread#0"                     [id=11692, stack(0x00000028ed500000,0x00000028ed600000) (1024K)]
  0x000001cecbe50290 ConcurrentGCThread "G1 Main Marker"            [id=17324, stack(0x00000028ed600000,0x00000028ed700000) (1024K)]
  0x000001cecbe50d90 WorkerThread "G1 Conc#0"                       [id=15448, stack(0x00000028ed700000,0x00000028ed800000) (1024K)]

[error occurred during error reporting (printing all threads), id 0xc0000005, EXCEPTION_ACCESS_VIOLATION (0xc0000005) at pc=0x00007ffddb20b5b7]
VM state: not at safepoint (not fully initialized)

VM Mutex/Monitor currently owned by a thread:  ([mutex/lock_event])
[0x00007ffddba81568] Heap_lock - owner thread: 0x000001cecbdef7e0

Heap address: 0x0000000083600000, size: 1994 MB, Compressed Oops mode: 32-bit

CDS archive(s) mapped at: [0x0000000000000000-0x0000000000000000-0x0000000000000000), size 0, SharedBaseAddress: 0x0000000800000000, ArchiveRelocationMode: 1.
Narrow klass base: 0x0000000000000000, Narrow klass shift: 0, Narrow klass range: 0x0

GC Precious Log:
 CardTable entry size: 512
 Card Set container configuration: InlinePtr #cards 5 size 8 Array Of Cards #cards 12 size 40 Howl #buckets 4 coarsen threshold 1843 Howl Bitmap #cards 512 size 80 coarsen threshold 460 Card regions per heap region 1 cards per card region 2048

Heap:
 garbage-first heap   total 0K, used 0K [0x0000000083600000, 0x0000000100000000)
  region size 1024K, 0 young (0K), 0 survivors (0K)
 Metaspace       used 0K, committed 0K, reserved 0K
  class space    used 0K, committed 0K, reserved 0K

Heap Regions: E=young(eden), S=young(survivor), O=old, HS=humongous(starts), HC=humongous(continues), CS=collection set, F=free, TAMS=top-at-mark-start, PB=parsable bottom

Card table byte_map: [0x000001cede330000,0x000001cede720000] _byte_map_base: 0x000001ceddf15000

Marking Bits: (CMBitMap*) 0x000001cecbe3ea20
 Bits: [0x000001cede720000, 0x000001cee0648000)

GC Heap History (0 events):
No events

Dll operation events (1 events):
Event: 0.006 Loaded shared library C:\Program Files\Android\Android Studio\jbr\bin\java.dll

Deoptimization events (0 events):
No events

Classes loaded (0 events):
No events

Classes unloaded (0 events):
No events

Classes redefined (0 events):
No events

Internal exceptions (0 events):
No events

ZGC Phase Switch (0 events):
No events

VM Operations (0 events):
No events

Memory protections (0 events):
No events

Nmethod flushes (0 events):
No events

Events (0 events):
No events


Dynamic libraries:
0x00007ff6c1150000 - 0x00007ff6c115a000 	C:\Program Files\Android\Android Studio\jbr\bin\java.exe
0x00007ffe8b240000 - 0x00007ffe8b4a8000 	C:\WINDOWS\SYSTEM32\ntdll.dll
0x00007ffe8a370000 - 0x00007ffe8a439000 	C:\WINDOWS\System32\KERNEL32.DLL
0x00007ffe88920000 - 0x00007ffe88d12000 	C:\WINDOWS\System32\KERNELBASE.dll
0x00007ffe886f0000 - 0x00007ffe8883b000 	C:\WINDOWS\System32\ucrtbase.dll
0x00007ffe24f50000 - 0x00007ffe24f6b000 	C:\Program Files\Android\Android Studio\jbr\bin\VCRUNTIME140.dll
0x00007ffe85f80000 - 0x00007ffe85f98000 	C:\Program Files\Android\Android Studio\jbr\bin\jli.dll
0x00007ffe8a5d0000 - 0x00007ffe8a795000 	C:\WINDOWS\System32\USER32.dll
0x00007ffe6f180000 - 0x00007ffe6f413000 	C:\WINDOWS\WinSxS\amd64_microsoft.windows.common-controls_6595b64144ccf1df_6.0.26100.6899_none_3e0efeeae32e88c1\COMCTL32.dll
0x00007ffe88840000 - 0x00007ffe88867000 	C:\WINDOWS\System32\win32u.dll
0x00007ffe8a7a0000 - 0x00007ffe8a849000 	C:\WINDOWS\System32\msvcrt.dll
0x00007ffe8ae50000 - 0x00007ffe8ae7b000 	C:\WINDOWS\System32\GDI32.dll
0x00007ffe885c0000 - 0x00007ffe886ed000 	C:\WINDOWS\System32\gdi32full.dll
0x00007ffe88870000 - 0x00007ffe88913000 	C:\WINDOWS\System32\msvcp_win.dll
0x00007ffe89100000 - 0x00007ffe8912f000 	C:\WINDOWS\System32\IMM32.DLL
0x00007ffe58a10000 - 0x00007ffe58a1c000 	C:\Program Files\Android\Android Studio\jbr\bin\vcruntime140_1.dll
0x00007ffe82920000 - 0x00007ffe829ad000 	C:\Program Files\Android\Android Studio\jbr\bin\msvcp140.dll
0x00007ffddaed0000 - 0x00007ffddbb5e000 	C:\Program Files\Android\Android Studio\jbr\bin\server\jvm.dll
0x00007ffe894e0000 - 0x00007ffe89594000 	C:\WINDOWS\System32\ADVAPI32.dll
0x00007ffe89430000 - 0x00007ffe894d6000 	C:\WINDOWS\System32\sechost.dll
0x00007ffe8ad10000 - 0x00007ffe8ae28000 	C:\WINDOWS\System32\RPCRT4.dll
0x00007ffe89330000 - 0x00007ffe893a4000 	C:\WINDOWS\System32\WS2_32.dll
0x00007ffe88230000 - 0x00007ffe8828e000 	C:\WINDOWS\SYSTEM32\POWRPROF.dll
0x00007ffe85ed0000 - 0x00007ffe85edb000 	C:\WINDOWS\SYSTEM32\VERSION.dll
0x00007ffe70a60000 - 0x00007ffe70a95000 	C:\WINDOWS\SYSTEM32\WINMM.dll
0x00007ffe88210000 - 0x00007ffe88224000 	C:\WINDOWS\SYSTEM32\UMPDC.dll
0x00007ffe871a0000 - 0x00007ffe871bb000 	C:\WINDOWS\SYSTEM32\kernel.appcore.dll
0x00007ffe4a580000 - 0x00007ffe4a58a000 	C:\Program Files\Android\Android Studio\jbr\bin\jimage.dll
0x00007ffe84e00000 - 0x00007ffe85042000 	C:\WINDOWS\SYSTEM32\DBGHELP.DLL
0x00007ffe8ae80000 - 0x00007ffe8b1fb000 	C:\WINDOWS\System32\combase.dll
0x00007ffe89020000 - 0x00007ffe890f7000 	C:\WINDOWS\System32\OLEAUT32.dll
0x00007ffe6cd10000 - 0x00007ffe6cd4c000 	C:\WINDOWS\SYSTEM32\dbgcore.DLL
0x00007ffe883d0000 - 0x00007ffe88468000 	C:\WINDOWS\System32\bcryptPrimitives.dll
0x00007ffe12740000 - 0x00007ffe12760000 	C:\Program Files\Android\Android Studio\jbr\bin\java.dll

dbghelp: loaded successfully - version: 4.0.5 - missing functions: none
symbol engine: initialized successfully - sym options: 0x614 - pdb path: .;C:\Program Files\Android\Android Studio\jbr\bin;C:\WINDOWS\SYSTEM32;C:\WINDOWS\WinSxS\amd64_microsoft.windows.common-controls_6595b64144ccf1df_6.0.26100.6899_none_3e0efeeae32e88c1;C:\Program Files\Android\Android Studio\jbr\bin\server

VM Arguments:
java_command: org.jetbrains.kotlin.cli.jvm.K2JVMCompiler @D:\AI ENGINEERING\mobile-apps\mobile\app\build\20251128_11470856835758238303.compiler.options
java_class_path (initial): C:\Users\nande\scoop\apps\gradle\current\.gradle\caches\modules-2\files-2.1\org.jetbrains.kotlin\kotlin-compiler-embeddable\2.0.21\79346ed53db48b18312a472602eb5c057070c54d\kotlin-compiler-embeddable-2.0.21.jar;C:\Users\nande\scoop\apps\gradle\current\.gradle\caches\modules-2\files-2.1\org.jetbrains.kotlin\kotlin-stdlib\2.0.21\618b539767b4899b4660a83006e052b63f1db551\kotlin-stdlib-2.0.21.jar;C:\Users\nande\scoop\apps\gradle\current\.gradle\caches\modules-2\files-2.1\org.jetbrains.kotlin\kotlin-script-runtime\2.0.21\c9b044380ad41f89aa89aa896c2d32a8c0b2129d\kotlin-script-runtime-2.0.21.jar;C:\Users\nande\scoop\apps\gradle\current\.gradle\caches\modules-2\files-2.1\org.jetbrains.kotlin\kotlin-reflect\1.6.10\1cbe9c92c12a94eea200d23c2bbaedaf3daf5132\kotlin-reflect-1.6.10.jar;C:\Users\nande\scoop\apps\gradle\current\.gradle\caches\modules-2\files-2.1\org.jetbrains.kotlin\kotlin-daemon-embeddable\2.0.21\c9e933b23287de9b5a17e2116b4657bb91aea72c\kotlin-daemon-embeddable-2.0.21.jar;C:\Users\nande\scoop\apps\gradle\current\.gradle\caches\modules-2\files-2.1\org.jetbrains.intellij.deps\trove4j\1.0.20200330\3afb14d5f9ceb459d724e907a21145e8ff394f02\trove4j-1.0.20200330.jar;C:\Users\nande\scoop\apps\gradle\current\.gradle\caches\modules-2\files-2.1\org.jetbrains.kotlinx\kotlinx-coroutines-core-jvm\1.6.4\2c997cd1c0ef33f3e751d3831929aeff1390cb30\kotlinx-coroutines-core-jvm-1.6.4.jar;C:\Users\nande\scoop\apps\gradle\current\.gradle\caches\modules-2\files-2.1\org.jetbrains\annotations\13.0\919f0dfe192fb4e063e7dacadee7f8bb9a2672a9\annotations-13.0.jar
Launcher Type: SUN_STANDARD

[Global flags]
     intx CICompilerCount                          = 3                                         {product} {ergonomic}
     uint ConcGCThreads                            = 1                                         {product} {ergonomic}
     uint G1ConcRefinementThreads                  = 4                                         {product} {ergonomic}
   size_t G1HeapRegionSize                         = 1048576                                   {product} {ergonomic}
    uintx GCDrainStackTargetSize                   = 64                                        {product} {ergonomic}
   size_t InitialHeapSize                          = 132120576                                 {product} {ergonomic}
   size_t MarkStackSize                            = 4194304                                   {product} {ergonomic}
   size_t MaxHeapSize                              = 2090860544                                {product} {ergonomic}
   size_t MinHeapDeltaBytes                        = 1048576                                   {product} {ergonomic}
   size_t MinHeapSize                              = 8388608                                   {product} {ergonomic}
    uintx NonNMethodCodeHeapSize                   = 5832780                                {pd product} {ergonomic}
    uintx NonProfiledCodeHeapSize                  = 122912730                              {pd product} {ergonomic}
    uintx ProfiledCodeHeapSize                     = 122912730                              {pd product} {ergonomic}
    uintx ReservedCodeCacheSize                    = 251658240                              {pd product} {ergonomic}
     bool SegmentedCodeCache                       = true                                      {product} {ergonomic}
   size_t SoftMaxHeapSize                          = 2090860544                             {manageable} {ergonomic}
     bool UseCompressedOops                        = true                           {product lp64_product} {ergonomic}
     bool UseG1GC                                  = true                                      {product} {ergonomic}
     bool UseLargePagesIndividualAllocation        = false                                  {pd product} {ergonomic}

Logging:
Log output configuration:
 #0: stdout all=warning uptime,level,tags foldmultilines=false
 #1: stderr all=off uptime,level,tags foldmultilines=false

Environment Variables:
PATH=c:\Users\nande\AppData\Local\Programs\cursor\resources\app\bin;C:\WINDOWS\system32;C:\WINDOWS;C:\WINDOWS\System32\Wbem;C:\WINDOWS\System32\WindowsPowerShell\v1.0\;C:\WINDOWS\System32\OpenSSH\;C:\Users\nande\AppData\Local\Microsoft\WindowsApps;c:\Users\nande\AppData\Local\Programs\cursor\resources\app\bin;D:\Apps\nodejs;C:\Program Files\Git\cmd;C:\Users\nande\AppData\Local\Programs\Python\Python313;C:\Program Files\OpenSSL-Win64\bin;C:\Program Files\Go\bin;C:\kotlin\kotlinc\bin;D:\java-dev-kit\jdk-25\bin;D:\android-command-line\cmdline-tools\bin;D:\android-command-line\platform-tools;C:\laragon\bin\php\php-8.1.10-Win32-vs16-x64;D:\postgresql\bin;D:\composer-php;C:\Users\nande\scoop\shims;C:\Users\nande\AppData\Local\Programs\Python\Launcher\;C:\Users\nande\AppData\Local\Programs\oh-my-posh\bin\;C:\Users\nande\AppData\Local\Microsoft\WindowsApps;C:\Users\nande\AppData\Roaming\npm;C:\Users\nande\AppData\Local\Programs\mongosh\;C:\Program Files\MongoDB\Server\8.0\bin;C:\Users\nande\AppData\Local\Programs\Microsoft VS Code\bin;C:\msys64\ucrt64\bin;C:\Users\nande\.lmstudio\bin;C:\Users\nande\AppData\Local\Programs\Python\Python313;C:\Users\nande\AppData\Local\Programs\Python\Python313\Scripts;C:\xampp\mysql\bin;C:\Users\nande\go\bin;C:\kotlin\kotlinc\bin;D:\java-dev-kit\jdk-25\bin;D:\android-command-line\cmdline-tools\bin;D:\android-command-line\platform-tools;C:\laragon\bin\php\php-8.1.10-Win32-vs16-x64;C:\Users\nande\AppData\Roaming\Composer\vendor\bin;D:\postgresql\bin;
USERNAME=nande
OS=Windows_NT
PROCESSOR_IDENTIFIER=Intel64 Family 6 Model 140 Stepping 1, GenuineIntel
TMP=C:\Users\nande\AppData\Local\Temp
TEMP=C:\Users\nande\AppData\Local\Temp




Periodic native trim disabled

JNI global refs:
JNI global refs: 0, weak refs: 0

JNI global refs memory usage: 0, weak refs: 0

Process memory usage:
Resident Set Size: 12460K (0% of 8166712K total physical memory with 651408K free physical memory)

OOME stack traces (most recent first):
Classloader memory used:

---------------  S Y S T E M  ---------------

OS:
 Windows 11 , 64 bit Build 26100 (10.0.26100.6725)
OS uptime: 0 days 0:49 hours
Hyper-V role detected

CPU: total 4 (initial active 4) (2 cores per cpu, 2 threads per core) family 6 model 140 stepping 1 microcode 0x86, cx8, cmov, fxsr, ht, mmx, 3dnowpref, sse, sse2, sse3, ssse3, sse4.1, sse4.2, popcnt, lzcnt, tsc, tscinvbit, avx, avx2, aes, erms, clmul, bmi1, bmi2, adx, avx512f, avx512dq, avx512cd, avx512bw, avx512vl, sha, fma, vzeroupper, avx512_vpopcntdq, avx512_vpclmulqdq, avx512_vaes, avx512_vnni, clflush, clflushopt, clwb, avx512_vbmi2, avx512_vbmi, hv, rdtscp, rdpid, fsrm, gfni, avx512_bitalg, f16c, cet_ibt, cet_ss, avx512_ifma
Processor Information for the first 4 processors :
  Max Mhz: 2995, Current Mhz: 2995, Mhz Limit: 2995

Memory: 4k page, system-wide physical 7975M (636M free)
TotalPageFile size 12071M (AvailPageFile size 56M)
current process WorkingSet (physical memory assigned to process): 12M, peak: 12M
current process commit charge ("private bytes"): 52M, peak: 177M

vm_info: OpenJDK 64-Bit Server VM (21.0.7+-13880790-b1038.58) for windows-amd64 JRE (21.0.7+-13880790-b1038.58), built on 2025-08-04T20:56:21Z by "builder" with MS VC++ 16.10 / 16.11 (VS2019)

END.
